2024-11-20 20:13:29 [main] INFO  de.doubleslash.todolist.ToDoListApplication - Starting ToDoListApplication using Java 22 with PID 7428 (C:\Users\FKock\IdeaProjects\AutomatedTestingWorkshop\ToDoListApp\target\classes started by FKock in C:\Users\FKock\IdeaProjects\AutomatedTestingWorkshop)
2024-11-20 20:13:29 [main] INFO  de.doubleslash.todolist.ToDoListApplication - No active profile set, falling back to 1 default profile: "default"
2024-11-20 20:13:31 [main] INFO  org.springframework.boot.web.embedded.tomcat.TomcatWebServer - Tomcat initialized with port 8080 (http)
2024-11-20 20:13:31 [main] INFO  org.apache.coyote.http11.Http11NioProtocol - Initializing ProtocolHandler ["http-nio-8080"]
2024-11-20 20:13:31 [main] INFO  org.apache.catalina.core.StandardService - Starting service [Tomcat]
2024-11-20 20:13:31 [main] INFO  org.apache.catalina.core.StandardEngine - Starting Servlet engine: [Apache Tomcat/10.1.31]
2024-11-20 20:13:31 [main] INFO  org.apache.catalina.core.ContainerBase.[Tomcat].[localhost].[/] - Initializing Spring embedded WebApplicationContext
2024-11-20 20:13:31 [main] INFO  org.springframework.boot.web.servlet.context.ServletWebServerApplicationContext - Root WebApplicationContext: initialization completed in 1934 ms
2024-11-20 20:13:32 [main] INFO  org.apache.coyote.http11.Http11NioProtocol - Starting ProtocolHandler ["http-nio-8080"]
2024-11-20 20:13:32 [main] INFO  org.springframework.boot.web.embedded.tomcat.TomcatWebServer - Tomcat started on port 8080 (http) with context path '/'
2024-11-20 20:13:32 [main] INFO  de.doubleslash.todolist.ToDoListApplication - Started ToDoListApplication in 3.824 seconds (process running for 6.348)
2024-11-29 20:40:30 [main] INFO  de.doubleslash.todolist.ToDoListApplication - Starting ToDoListApplication using Java 21.0.5 with PID 21568 (C:\Projects\workshop_automated_testing_tractus_x\AutomatedTestingWorkshop\todo-list-app\target\classes started by fkock in C:\Projects\workshop_automated_testing_tractus_x\AutomatedTestingWorkshop)
2024-11-29 20:40:30 [main] INFO  de.doubleslash.todolist.ToDoListApplication - No active profile set, falling back to 1 default profile: "default"
2024-11-29 20:40:31 [main] INFO  org.springframework.boot.web.embedded.tomcat.TomcatWebServer - Tomcat initialized with port 8080 (http)
2024-11-29 20:40:31 [main] INFO  org.apache.coyote.http11.Http11NioProtocol - Initializing ProtocolHandler ["http-nio-8080"]
2024-11-29 20:40:31 [main] INFO  org.apache.catalina.core.StandardService - Starting service [Tomcat]
2024-11-29 20:40:31 [main] INFO  org.apache.catalina.core.StandardEngine - Starting Servlet engine: [Apache Tomcat/10.1.31]
2024-11-29 20:40:31 [main] INFO  org.apache.catalina.core.ContainerBase.[Tomcat].[localhost].[/] - Initializing Spring embedded WebApplicationContext
2024-11-29 20:40:31 [main] INFO  org.springframework.boot.web.servlet.context.ServletWebServerApplicationContext - Root WebApplicationContext: initialization completed in 949 ms
2024-11-29 20:40:31 [main] INFO  org.apache.coyote.http11.Http11NioProtocol - Starting ProtocolHandler ["http-nio-8080"]
2024-11-29 20:40:31 [main] INFO  org.springframework.boot.web.embedded.tomcat.TomcatWebServer - Tomcat started on port 8080 (http) with context path '/'
2024-11-29 20:40:31 [main] INFO  de.doubleslash.todolist.ToDoListApplication - Started ToDoListApplication in 1.784 seconds (process running for 3.29)
